<?xml version="1.0" encoding="UTF-8"?>
<!-- Generated by org.testng.reporters.JUnitXMLReporter -->
<testsuite ignored="0" hostname="DESKTOP-NIE9GPS" failures="0" tests="3" name="Default test" time="7.389" errors="0" timestamp="2024-02-05T17:54:50 IST">
  <testcase classname="testng.Guru" name="a1_contact_info" time="5.421"/>
  <testcase classname="testng.Guru" name="a2_mailing_info" time="0.463"/>
  <testcase classname="testng.Guru" name="a3_user_info" time="1.458"/>
</testsuite> <!-- Default test -->
