<?xml version="1.0" encoding="UTF-8"?>
<!-- Generated by org.testng.reporters.JUnitXMLReporter -->
<testsuite ignored="1" hostname="DESKTOP-NIE9GPS" failures="0" tests="5" name="Test" time="0.064" errors="0" timestamp="2024-02-06T15:25:06 IST">
  <testcase classname="testng.Grouping" name="moto" time="0.012"/>
  <testcase classname="testng.Grouping" name="onepluse" time="0.001"/>
  <testcase classname="testng.Grouping" name="redmi" time="0.002"/>
  <testcase classname="testng.Grouping" name="samsung" time="0.001"/>
  <testcase classname="testng.Grouping" name="sony" time="0.002"/>
  <testcase classname="testng.Grouping" name="iphone" time="0.0">
    <ignored/>
  </testcase> <!-- iphone -->
</testsuite> <!-- Test -->
