<?xml version="1.0" encoding="UTF-8"?>
<testng-results ignored="0" total="3" passed="3" failed="0" skipped="0">
  <reporter-output>
    <line>
      <![CDATA[the browser is openend and started contact_info]]>
    </line>
    <line>
      <![CDATA[sucessfully completed  contact_info and started mailing_info]]>
    </line>
    <line>
      <![CDATA[sucessfully completed mailing_info and starteduser_info]]>
    </line>
  </reporter-output>
  <suite started-at="2024-02-05T17:54:43 IST" name="Default suite" finished-at="2024-02-05T17:54:50 IST" duration-ms="7389">
    <groups>
    </groups>
    <test started-at="2024-02-05T17:54:43 IST" name="Default test" finished-at="2024-02-05T17:54:50 IST" duration-ms="7389">
      <class name="testng.Guru">
        <test-method signature="a1_contact_info()[pri:0, instance:testng.Guru@56620197]" started-at="2024-02-05T17:54:43 IST" name="a1_contact_info" finished-at="2024-02-05T17:54:48 IST" duration-ms="5421" status="PASS">
          <reporter-output>
            <line>
              <![CDATA[the browser is openend and started contact_info]]>
            </line>
          </reporter-output>
        </test-method> <!-- a1_contact_info -->
        <test-method signature="a2_mailing_info()[pri:0, instance:testng.Guru@56620197]" started-at="2024-02-05T17:54:48 IST" name="a2_mailing_info" finished-at="2024-02-05T17:54:49 IST" duration-ms="463" status="PASS">
          <reporter-output>
            <line>
              <![CDATA[sucessfully completed  contact_info and started mailing_info]]>
            </line>
          </reporter-output>
        </test-method> <!-- a2_mailing_info -->
        <test-method signature="a3_user_info()[pri:0, instance:testng.Guru@56620197]" started-at="2024-02-05T17:54:49 IST" name="a3_user_info" finished-at="2024-02-05T17:54:50 IST" duration-ms="1458" status="PASS">
          <reporter-output>
            <line>
              <![CDATA[sucessfully completed mailing_info and starteduser_info]]>
            </line>
          </reporter-output>
        </test-method> <!-- a3_user_info -->
      </class> <!-- testng.Guru -->
    </test> <!-- Default test -->
  </suite> <!-- Default suite -->
</testng-results>
