<?xml version="1.0" encoding="UTF-8"?>
<testng-results ignored="1" total="6" passed="5" failed="0" skipped="0">
  <reporter-output>
  </reporter-output>
  <suite started-at="2024-02-06T15:25:06 IST" name="Suite" finished-at="2024-02-06T15:25:06 IST" duration-ms="64">
    <groups>
      <group name="x">
        <method signature="Grouping.moto()[pri:0, instance:testng.Grouping@1afd44cb]" name="moto" class="testng.Grouping"/>
        <method signature="Grouping.onepluse()[pri:0, instance:testng.Grouping@1afd44cb]" name="onepluse" class="testng.Grouping"/>
        <method signature="Grouping.redmi()[pri:0, instance:testng.Grouping@1afd44cb]" name="redmi" class="testng.Grouping"/>
        <method signature="Grouping.samsung()[pri:0, instance:testng.Grouping@1afd44cb]" name="samsung" class="testng.Grouping"/>
        <method signature="Grouping.sony()[pri:0, instance:testng.Grouping@1afd44cb]" name="sony" class="testng.Grouping"/>
      </group> <!-- x -->
    </groups>
    <test started-at="2024-02-06T15:25:06 IST" name="Test" finished-at="2024-02-06T15:25:06 IST" duration-ms="64">
      <class name="testng.Grouping">
        <test-method signature="moto()[pri:0, instance:testng.Grouping@1afd44cb]" started-at="2024-02-06T15:25:06 IST" name="moto" finished-at="2024-02-06T15:25:06 IST" duration-ms="12" status="PASS">
          <reporter-output>
          </reporter-output>
        </test-method> <!-- moto -->
        <test-method signature="onepluse()[pri:0, instance:testng.Grouping@1afd44cb]" started-at="2024-02-06T15:25:06 IST" name="onepluse" finished-at="2024-02-06T15:25:06 IST" duration-ms="1" status="PASS">
          <reporter-output>
          </reporter-output>
        </test-method> <!-- onepluse -->
        <test-method signature="redmi()[pri:0, instance:testng.Grouping@1afd44cb]" started-at="2024-02-06T15:25:06 IST" name="redmi" finished-at="2024-02-06T15:25:06 IST" duration-ms="2" status="PASS">
          <reporter-output>
          </reporter-output>
        </test-method> <!-- redmi -->
        <test-method signature="samsung()[pri:0, instance:testng.Grouping@1afd44cb]" started-at="2024-02-06T15:25:06 IST" name="samsung" finished-at="2024-02-06T15:25:06 IST" duration-ms="1" status="PASS">
          <reporter-output>
          </reporter-output>
        </test-method> <!-- samsung -->
        <test-method signature="sony()[pri:0, instance:testng.Grouping@1afd44cb]" started-at="2024-02-06T15:25:06 IST" name="sony" finished-at="2024-02-06T15:25:06 IST" duration-ms="2" status="PASS">
          <reporter-output>
          </reporter-output>
        </test-method> <!-- sony -->
      </class> <!-- testng.Grouping -->
    </test> <!-- Test -->
  </suite> <!-- Suite -->
</testng-results>
